<?xml version="1.0" encoding="UTF-8"?>
<!-- Generated by org.testng.reporters.JUnitReportReporter -->
<testsuite hostname="fv-az249-351" failures="0" tests="2" name="runner.TestRunner" time="4.630" errors="0" timestamp="2021-07-21T16:55:06 UTC" skipped="0">
  <testcase classname="runner.TestRunner" name="runScenario" time="0.983"/>
  <system-out/>
  <testcase classname="runner.TestRunner" name="runScenario" time="3.647"/>
  <system-out/>
</testsuite> <!-- runner.TestRunner -->
